<?xml version="1.0" encoding="UTF-8"?>
<testng-results ignored="0" total="2" passed="2" failed="0" skipped="0">
  <reporter-output>
  </reporter-output>
  <suite started-at="2022-12-08T22:19:54 GMT" name="Default suite" finished-at="2022-12-08T22:19:54 GMT" duration-ms="54">
    <groups>
    </groups>
    <test started-at="2022-12-08T22:19:54 GMT" name="Default test" finished-at="2022-12-08T22:19:54 GMT" duration-ms="54">
      <class name="udemyworkout.Javastreams">
        <test-method signature="method1()[pri:0, instance:udemyworkout.Javastreams@1a6d8329]" started-at="2022-12-08T22:19:54 GMT" name="method1" finished-at="2022-12-08T22:19:54 GMT" duration-ms="9" status="PASS">
          <reporter-output>
          </reporter-output>
        </test-method> <!-- method1 -->
        <test-method signature="normalMethod()[pri:0, instance:udemyworkout.Javastreams@1a6d8329]" started-at="2022-12-08T22:19:54 GMT" name="normalMethod" finished-at="2022-12-08T22:19:54 GMT" duration-ms="0" status="PASS">
          <reporter-output>
          </reporter-output>
        </test-method> <!-- normalMethod -->
      </class> <!-- udemyworkout.Javastreams -->
    </test> <!-- Default test -->
  </suite> <!-- Default suite -->
</testng-results>
